<?xml version="1.0" encoding="UTF-8"?>
<!-- Generated by org.testng.reporters.JUnitXMLReporter -->
<testsuite ignored="1" hostname="AILT-100247" failures="0" tests="1" name="stateupdate" time="63.882" errors="0" timestamp="2024-06-24T15:45:50 IST">
  <testcase classname="com.spectrumMastersTestRunner.StateMaster" name="stateupdate" time="51.905"/>
  <testcase classname="com.spectrumMastersTestRunner.StateMaster" name="statecreate" time="0.0">
    <ignored/>
  </testcase> <!-- statecreate -->
</testsuite> <!-- stateupdate -->
