<?xml version="1.0" encoding="UTF-8"?>
<!-- Generated by org.testng.reporters.JUnitXMLReporter -->
<testsuite ignored="3" hostname="AILT-100247" failures="0" tests="1" name="statedisable" time="52.633" errors="0" timestamp="2024-06-24T16:02:04 IST">
  <testcase classname="com.spectrumMastersTestRunner.StateMaster" name="stateenable" time="44.086"/>
  <testcase classname="com.spectrumMastersTestRunner.StateMaster" name="stateupdate" time="0.0">
    <ignored/>
  </testcase> <!-- stateupdate -->
  <testcase classname="com.spectrumMastersTestRunner.StateMaster" name="statecreate" time="0.0">
    <ignored/>
  </testcase> <!-- statecreate -->
  <testcase classname="com.spectrumMastersTestRunner.StateMaster" name="statedisable" time="0.0">
    <ignored/>
  </testcase> <!-- statedisable -->
</testsuite> <!-- statedisable -->
