<?xml version="1.0" encoding="UTF-8"?>
<!-- Generated by org.testng.reporters.JUnitXMLReporter -->
<testsuite ignored="2" hostname="AILT-100247" failures="0" tests="1" name="uomdisabling" time="51.866" errors="0" timestamp="2024-06-24T14:55:53 IST">
  <testcase classname="com.spectrumMastersTestRunner.UnitOfMeasure" name="uomdisable" time="43.272"/>
  <testcase classname="com.spectrumMastersTestRunner.UnitOfMeasure" name="uomCreation" time="0.0">
    <ignored/>
  </testcase> <!-- uomCreation -->
  <testcase classname="com.spectrumMastersTestRunner.UnitOfMeasure" name="uomupdate" time="0.0">
    <ignored/>
  </testcase> <!-- uomupdate -->
</testsuite> <!-- uomdisabling -->
