<?xml version="1.0" encoding="UTF-8"?>
<!-- Generated by org.testng.reporters.JUnitXMLReporter -->
<testsuite ignored="3" hostname="AILT-100247" failures="0" tests="1" name="uomenabling" time="55.849" errors="0" timestamp="2024-06-24T15:01:05 IST">
  <testcase classname="com.spectrumMastersTestRunner.UnitOfMeasure" name="uomenable" time="45.284"/>
  <testcase classname="com.spectrumMastersTestRunner.UnitOfMeasure" name="uomCreation" time="0.0">
    <ignored/>
  </testcase> <!-- uomCreation -->
  <testcase classname="com.spectrumMastersTestRunner.UnitOfMeasure" name="uomupdate" time="0.0">
    <ignored/>
  </testcase> <!-- uomupdate -->
  <testcase classname="com.spectrumMastersTestRunner.UnitOfMeasure" name="uomdisable" time="0.0">
    <ignored/>
  </testcase> <!-- uomdisable -->
</testsuite> <!-- uomenabling -->
