<?xml version="1.0" encoding="UTF-8"?>
<!-- Generated by org.testng.reporters.JUnitXMLReporter -->
<testsuite ignored="1" hostname="AILT-100247" failures="0" tests="1" name="uomupdation" time="57.61" errors="0" timestamp="2024-06-24T14:44:59 IST">
  <testcase classname="com.spectrumMastersTestRunner.UnitOfMeasure" name="uomupdate" time="47.861"/>
  <testcase classname="com.spectrumMastersTestRunner.UnitOfMeasure" name="uomCreation" time="0.0">
    <ignored/>
  </testcase> <!-- uomCreation -->
</testsuite> <!-- uomupdation -->
