<?xml version="1.0" encoding="UTF-8"?>
<!-- Generated by org.testng.reporters.JUnitXMLReporter -->
<testsuite ignored="0" hostname="AILT-100247" failures="1" tests="1" name="usercreation" time="97.232" errors="0" timestamp="2024-06-20T10:20:11 IST">
  <testcase classname="com.spectrumTestRunner.UserCreation" name="usercreate" time="89.879">
    <failure type="java.lang.NullPointerException" message="Cannot invoke &amp;quot;com.aventstack.extentreports.ExtentTest.log(com.aventstack.extentreports.Status, String)&amp;quot; because &amp;quot;this.test&amp;quot; is null">
      <![CDATA[java.lang.NullPointerException: Cannot invoke "com.aventstack.extentreports.ExtentTest.log(com.aventstack.extentreports.Status, String)" because "this.test" is null
at com.spectrumTestRunner.UserCreation.usercreate(UserCreation.java:27)
at java.base/java.util.ArrayList.forEach(ArrayList.java:1511)
... Removed 27 stack frames]]>
    </failure>
  </testcase> <!-- usercreate -->
</testsuite> <!-- usercreation -->
