<?xml version="1.0" encoding="UTF-8"?>
<!-- Generated by org.testng.reporters.JUnitXMLReporter -->
<testsuite ignored="3" hostname="AILT-100247" failures="0" tests="1" name="userenable" time="40.427" errors="0" timestamp="2024-06-20T11:17:14 IST">
  <testcase classname="com.spectrumTestRunner.UserCreation" name="userenable" time="34.287"/>
  <testcase classname="com.spectrumTestRunner.UserCreation" name="usercreate" time="0.0">
    <ignored/>
  </testcase> <!-- usercreate -->
  <testcase classname="com.spectrumTestRunner.UserCreation" name="userupdate" time="0.0">
    <ignored/>
  </testcase> <!-- userupdate -->
  <testcase classname="com.spectrumTestRunner.UserCreation" name="userdisable" time="0.0">
    <ignored/>
  </testcase> <!-- userdisable -->
</testsuite> <!-- userenable -->
