<?xml version="1.0" encoding="UTF-8"?>
<!-- Generated by org.testng.reporters.JUnitXMLReporter -->
<testsuite ignored="0" hostname="AILT-100247" failures="1" tests="1" name="VendorRegistartion" time="9.825" errors="0" timestamp="2024-06-17T14:24:41 IST">
  <testcase classname="com.spectrumTestRunner.UserCreation" name="usercreate" time="1.766">
    <failure type="org.testng.internal.reflect.MethodMatcherException" message="
[public void com.spectrumTestRunner.UserCreation.usercreate(java.lang.String,java.lang.String,java.lang.String,java.lang.String,java.lang.String,java.lang.String) throws java.lang.InterruptedException,java.io.IOException] has no parameters defined but was found to be using a data provider (either explicitly specified or inherited from class level annotation).
Data provider mismatch
Method: usercreate([Parameter{index=0, type=java.lang.String, declaredAnnotations=[]}, Parameter{index=1, type=java.lang.String, declaredAnnotations=[]}, Parameter{index=2, type=java.lang.String, declaredAnnotations=[]}, Parameter{index=3, type=java.lang.String, declaredAnnotations=[]}, Parameter{index=4, type=java.lang.String, declaredAnnotations=[]}, Parameter{index=5, type=java.lang.String, declaredAnnotations=[]}])
Arguments: [(java.lang.String) 998800,(java.lang.String) Miss,(java.lang.String) sravani,(java.lang.String) K,(java.lang.String) Quality Assurance,(java.lang.String) vendorportal,(java.lang.String) updated,(java.lang.String) disabling the record,(java.lang.String) enabling the record]">
      <![CDATA[org.testng.internal.reflect.MethodMatcherException: 
[public void com.spectrumTestRunner.UserCreation.usercreate(java.lang.String,java.lang.String,java.lang.String,java.lang.String,java.lang.String,java.lang.String) throws java.lang.InterruptedException,java.io.IOException] has no parameters defined but was found to be using a data provider (either explicitly specified or inherited from class level annotation).
Data provider mismatch
Method: usercreate([Parameter{index=0, type=java.lang.String, declaredAnnotations=[]}, Parameter{index=1, type=java.lang.String, declaredAnnotations=[]}, Parameter{index=2, type=java.lang.String, declaredAnnotations=[]}, Parameter{index=3, type=java.lang.String, declaredAnnotations=[]}, Parameter{index=4, type=java.lang.String, declaredAnnotations=[]}, Parameter{index=5, type=java.lang.String, declaredAnnotations=[]}])
Arguments: [(java.lang.String) 998800,(java.lang.String) Miss,(java.lang.String) sravani,(java.lang.String) K,(java.lang.String) Quality Assurance,(java.lang.String) vendorportal,(java.lang.String) updated,(java.lang.String) disabling the record,(java.lang.String) enabling the record]
at java.base/java.util.ArrayList.forEach(ArrayList.java:1511)
... Removed 22 stack frames]]>
    </failure>
  </testcase> <!-- usercreate -->
</testsuite> <!-- VendorRegistartion -->
